<?xml version="1.0" encoding="UTF-8"?>
<testng-results ignored="2" total="5" passed="2" failed="1" skipped="0">
  <reporter-output>
  </reporter-output>
  <suite started-at="2022-02-04T22:11:35 MSK" name="Group of group Suite" finished-at="2022-02-04T22:11:55 MSK" duration-ms="19683">
    <groups>
      <group name="positive">
        <method signature="DouTests.getAuthorAndTitle()[pri:0, instance:test.java.DouTests@6f3b5d16]" name="getAuthorAndTitle" class="test.java.DouTests"/>
        <method signature="DouTests.hoverMenu()[pri:0, instance:test.java.DouTests@6f3b5d16]" name="hoverMenu" class="test.java.DouTests"/>
        <method signature="DouTests.redirectByClickingLogo()[pri:0, instance:test.java.DouTests@6f3b5d16]" name="redirectByClickingLogo" class="test.java.DouTests"/>
      </group> <!-- positive -->
    </groups>
    <test started-at="2022-02-04T22:11:35 MSK" name="Group of group Test" finished-at="2022-02-04T22:11:55 MSK" duration-ms="19683">
      <class name="test.java.DouTests">
        <test-method is-config="true" signature="setUpPrerequisites()[pri:0, instance:test.java.DouTests@6f3b5d16]" started-at="2022-02-04T22:11:35 MSK" name="setUpPrerequisites" finished-at="2022-02-04T22:11:41 MSK" duration-ms="5893" status="PASS">
          <reporter-output>
          </reporter-output>
        </test-method> <!-- setUpPrerequisites -->
        <test-method signature="getAuthorAndTitle()[pri:0, instance:test.java.DouTests@6f3b5d16]" started-at="2022-02-04T22:11:41 MSK" name="getAuthorAndTitle" finished-at="2022-02-04T22:11:43 MSK" duration-ms="1713" status="FAIL">
          <exception class="java.lang.AssertionError">
            <message>
              <![CDATA[
Expected: equalToIgnoringCase("Taras Ustyianovych, Operational Intelligence Engineer в EPAM")
     but: was Vova Kyrychenko, CTO в Xenoss.io]]>
            </message>
            <full-stacktrace>
              <![CDATA[java.lang.AssertionError: 
Expected: equalToIgnoringCase("Taras Ustyianovych, Operational Intelligence Engineer в EPAM")
     but: was Vova Kyrychenko, CTO в Xenoss.io
at org.hamcrest.MatcherAssert.assertThat(MatcherAssert.java:20)
at org.hamcrest.MatcherAssert.assertThat(MatcherAssert.java:8)
at test.java.DouTests.getAuthorAndTitle(DouTests.java:76)
at java.base/jdk.internal.reflect.NativeMethodAccessorImpl.invoke0(Native Method)
at java.base/jdk.internal.reflect.NativeMethodAccessorImpl.invoke(NativeMethodAccessorImpl.java:77)
at java.base/jdk.internal.reflect.DelegatingMethodAccessorImpl.invoke(DelegatingMethodAccessorImpl.java:43)
at java.base/java.lang.reflect.Method.invoke(Method.java:568)
at org.testng.internal.invokers.MethodInvocationHelper.invokeMethod(MethodInvocationHelper.java:135)
at org.testng.internal.invokers.TestInvoker.invokeMethod(TestInvoker.java:673)
at org.testng.internal.invokers.TestInvoker.invokeTestMethod(TestInvoker.java:220)
at org.testng.internal.invokers.MethodRunner.runInSequence(MethodRunner.java:50)
at org.testng.internal.invokers.TestInvoker$MethodInvocationAgent.invoke(TestInvoker.java:945)
at org.testng.internal.invokers.TestInvoker.invokeTestMethods(TestInvoker.java:193)
at org.testng.internal.invokers.TestMethodWorker.invokeTestMethods(TestMethodWorker.java:146)
at org.testng.internal.invokers.TestMethodWorker.run(TestMethodWorker.java:128)
at java.base/java.util.ArrayList.forEach(ArrayList.java:1511)
at org.testng.TestRunner.privateRun(TestRunner.java:808)
at org.testng.TestRunner.run(TestRunner.java:603)
at org.testng.SuiteRunner.runTest(SuiteRunner.java:429)
at org.testng.SuiteRunner.runSequentially(SuiteRunner.java:423)
at org.testng.SuiteRunner.privateRun(SuiteRunner.java:383)
at org.testng.SuiteRunner.run(SuiteRunner.java:326)
at org.testng.SuiteRunnerWorker.runSuite(SuiteRunnerWorker.java:52)
at org.testng.SuiteRunnerWorker.run(SuiteRunnerWorker.java:95)
at org.testng.TestNG.runSuitesSequentially(TestNG.java:1249)
at org.testng.TestNG.runSuitesLocally(TestNG.java:1169)
at org.testng.TestNG.runSuites(TestNG.java:1092)
at org.testng.TestNG.run(TestNG.java:1060)
at com.intellij.rt.testng.IDEARemoteTestNG.run(IDEARemoteTestNG.java:66)
at com.intellij.rt.testng.RemoteTestNGStarter.main(RemoteTestNGStarter.java:109)
]]>
            </full-stacktrace>
          </exception> <!-- java.lang.AssertionError -->
          <reporter-output>
          </reporter-output>
        </test-method> <!-- getAuthorAndTitle -->
        <test-method is-config="true" signature="closeBrowser()[pri:0, instance:test.java.DouTests@6f3b5d16]" started-at="2022-02-04T22:11:43 MSK" name="closeBrowser" finished-at="2022-02-04T22:11:43 MSK" duration-ms="286" status="PASS">
          <reporter-output>
          </reporter-output>
        </test-method> <!-- closeBrowser -->
        <test-method is-config="true" signature="setUpPrerequisites()[pri:0, instance:test.java.DouTests@6f3b5d16]" started-at="2022-02-04T22:11:43 MSK" name="setUpPrerequisites" finished-at="2022-02-04T22:11:47 MSK" duration-ms="3762" status="PASS">
          <reporter-output>
          </reporter-output>
        </test-method> <!-- setUpPrerequisites -->
        <test-method signature="hoverMenu()[pri:0, instance:test.java.DouTests@6f3b5d16]" started-at="2022-02-04T22:11:47 MSK" name="hoverMenu" finished-at="2022-02-04T22:11:47 MSK" duration-ms="230" status="PASS">
          <reporter-output>
          </reporter-output>
        </test-method> <!-- hoverMenu -->
        <test-method is-config="true" signature="closeBrowser()[pri:0, instance:test.java.DouTests@6f3b5d16]" started-at="2022-02-04T22:11:47 MSK" name="closeBrowser" finished-at="2022-02-04T22:11:48 MSK" duration-ms="252" status="PASS">
          <reporter-output>
          </reporter-output>
        </test-method> <!-- closeBrowser -->
        <test-method is-config="true" signature="setUpPrerequisites()[pri:0, instance:test.java.DouTests@6f3b5d16]" started-at="2022-02-04T22:11:48 MSK" name="setUpPrerequisites" finished-at="2022-02-04T22:11:51 MSK" duration-ms="3410" status="PASS">
          <reporter-output>
          </reporter-output>
        </test-method> <!-- setUpPrerequisites -->
        <test-method signature="redirectByClickingLogo()[pri:0, instance:test.java.DouTests@6f3b5d16]" started-at="2022-02-04T22:11:51 MSK" name="redirectByClickingLogo" finished-at="2022-02-04T22:11:55 MSK" duration-ms="3777" status="PASS">
          <reporter-output>
          </reporter-output>
        </test-method> <!-- redirectByClickingLogo -->
        <test-method is-config="true" signature="closeBrowser()[pri:0, instance:test.java.DouTests@6f3b5d16]" started-at="2022-02-04T22:11:55 MSK" name="closeBrowser" finished-at="2022-02-04T22:11:55 MSK" duration-ms="247" status="PASS">
          <reporter-output>
          </reporter-output>
        </test-method> <!-- closeBrowser -->
      </class> <!-- test.java.DouTests -->
    </test> <!-- Group of group Test -->
  </suite> <!-- Group of group Suite -->
</testng-results>
