<?xml version="1.0" encoding="UTF-8"?>
<testsuite name="TestSuite" time="5.972" tests="3" errors="0" skipped="0" failures="1">
  <properties>
[...]
</properties>
  <testcase name="getAuthorAndTitle" classname="test.java.DouTests" time="1.95">
    <failure message="&#10;Expected: equalToIgnoringCase(&quot;Taras Ustyianovych, Operational Intelligence Engineer в EPAM&quot;)&#10;     but: was Vova Kyrychenko, CTO в Xenoss.io" type="java.lang.AssertionError">java.lang.AssertionError: 
Expected: equalToIgnoringCase("Taras Ustyianovych, Operational Intelligence Engineer в EPAM")
     but: was Vova Kyrychenko, CTO в Xenoss.io
	at org.hamcrest.MatcherAssert.assertThat(MatcherAssert.java:20)
	at org.hamcrest.MatcherAssert.assertThat(MatcherAssert.java:8)
	at test.java.DouTests.getAuthorAndTitle(DouTests.java:76)
</failure>
    <system-err>SLF4J: Failed to load class "org.slf4j.impl.StaticLoggerBinder".
SLF4J: Defaulting to no-operation (NOP) logger implementation
SLF4J: See http://www.slf4j.org/codes.html#StaticLoggerBinder for further details.
Starting ChromeDriver 96.0.4664.45 (76e4c1bb2ab4671b8beba3444e61c0f17584b2fc-refs/branch-heads/4664@{#947}) on port 57675
Only local connections are allowed.
Please see https://chromedriver.chromium.org/security-considerations for suggestions on keeping ChromeDriver safe.
ChromeDriver was started successfully.
[1644001821.864][WARNING]: This version of ChromeDriver has not been tested with Chrome version 97.
����. 04, 2022 10:10:22 PM org.openqa.selenium.remote.ProtocolHandshake createSession
INFO: Detected dialect: W3C
����. 04, 2022 10:10:22 PM org.openqa.selenium.devtools.CdpVersionFinder findNearestMatch
WARNING: Unable to find an exact match for CDP version 97, so returning the closest version found: 96
����. 04, 2022 10:10:22 PM org.openqa.selenium.devtools.CdpVersionFinder findNearestMatch
INFO: Found CDP implementation for version 97 of 96
</system-err>
  </testcase>
  <testcase name="hoverMenu" classname="test.java.DouTests" time="0.267"/>
  <testcase name="redirectByClickingLogo" classname="test.java.DouTests" time="3.755"/>
</testsuite>