<?xml version="1.0" encoding="UTF-8"?>
<!-- Generated by org.testng.reporters.JUnitXMLReporter -->
<testsuite ignored="2" hostname="User-PC" failures="1" tests="3" name="Group of group Test" time="24.518" errors="0" timestamp="2022-02-04T22:10:41 MSK">
  <testcase classname="test.java.DouTests" name="getAuthorAndTitle" time="1.903">
    <failure type="java.lang.AssertionError" message="
Expected: equalToIgnoringCase(&amp;quot;Taras Ustyianovych, Operational Intelligence Engineer в EPAM&amp;quot;)
     but: was Vova Kyrychenko, CTO в Xenoss.io">
      <![CDATA[java.lang.AssertionError: 
Expected: equalToIgnoringCase("Taras Ustyianovych, Operational Intelligence Engineer в EPAM")
     but: was Vova Kyrychenko, CTO в Xenoss.io
at org.hamcrest.MatcherAssert.assertThat(MatcherAssert.java:20)
at org.hamcrest.MatcherAssert.assertThat(MatcherAssert.java:8)
at test.java.DouTests.getAuthorAndTitle(DouTests.java:76)
at java.base/java.util.ArrayList.forEach(ArrayList.java:1511)
... Removed 36 stack frames]]>
    </failure>
  </testcase> <!-- getAuthorAndTitle -->
  <testcase classname="test.java.DouTests" name="hoverMenu" time="0.242"/>
  <testcase classname="test.java.DouTests" name="redirectByClickingLogo" time="3.753"/>
  <testcase classname="test.java.DouTests" name="searchWithDataProvider" time="0.0">
    <ignored/>
  </testcase> <!-- searchWithDataProvider -->
  <testcase classname="test.java.DouTests" name="addNewTopic" time="0.0">
    <ignored/>
  </testcase> <!-- addNewTopic -->
</testsuite> <!-- Group of group Test -->
